#
# A fatal error has been detected by the Java Runtime Environment:
#
#  EXCEPTION_ACCESS_VIOLATION (0xc0000005) at pc=0x00007ffb2205e32a, pid=3060, tid=23064
#
# JRE version: OpenJDK Runtime Environment Temurin-17.0.3+7 (17.0.3+7) (build 17.0.3+7)
# Java VM: OpenJDK 64-Bit Server VM Temurin-17.0.3+7 (17.0.3+7, mixed mode, tiered, compressed oops, compressed class ptrs, g1 gc, windows-amd64)
# Problematic frame:
# V  [jvm.dll+0x79e32a]
#
# No core dump will be written. Minidumps are not enabled by default on client versions of Windows
#
# If you would like to submit a bug report, please visit:
#   https://github.com/adoptium/adoptium-support/issues
#

---------------  S U M M A R Y ------------

Command Line: -XX:+ShowCodeDetailsInExceptionMessages -agentlib:jdwp=transport=dt_socket,suspend=y,address=localhost:53224 -javaagent:C:\Users\ïƒó—\Desktop\sts-4.15.1.RELEASE\configuration\org.eclipse.osgi\258\0\.cp\lib\javaagent-shaded.jar -Dfile.encoding=sjis application.Application

Host: AMD Ryzen 7 Extreme Edition                    , 16 cores, 15G,  Windows 11 , 64 bit Build 22000 (10.0.22000.708)
Time: Wed Jul 27 19:55:59 2022  Windows 11 , 64 bit Build 22000 (10.0.22000.708) elapsed time: 6394.286968 seconds (0d 1h 46m 34s)

---------------  T H R E A D  ---------------

Current thread (0x0000020d46bcb130):  JavaThread "JDWP Transport Listener: dt_socket" daemon [_thread_in_vm, id=23064, stack(0x000000c1aa700000,0x000000c1aa800000)]

Stack: [0x000000c1aa700000,0x000000c1aa800000],  sp=0x000000c1aa7ff460,  free space=1021k
Native frames: (J=compiled Java code, j=interpreted, Vv=VM code, C=native code)
V  [jvm.dll+0x79e32a]
V  [jvm.dll+0x5088cc]
V  [jvm.dll+0x4cff34]
C  [jdwp.dll+0x22dff]


siginfo: EXCEPTION_ACCESS_VIOLATION (0xc0000005), reading address 0x0000000000ea0009


Register to memory mapping:

RIP=0x00007ffb2205e32a jvm.dll
RAX=0x00000000000000e9 is an unknown value
RBX=0x0000020d45e03d8e points into unknown readable memory: 00 63
RCX=0x0000000000ea0005 is an unknown value
RDX=0x0000020d46c77020 points into unknown readable memory: 0x6e6174736e6f634c | 4c 63 6f 6e 73 74 61 6e
RSP=0x000000c1aa7ff460 is pointing into the stack for thread: 0x0000020d46bcb130
RBP=0x0000020d45ef4570 points into unknown readable memory: 0x0000000000000002 | 02 00 00 00 00 00 00 00
RSI=0x0 is NULL
RDI=0xffffffffffffffff is an unknown value
R8 =0x0000000000000008 is an unknown value
R9 =0x0000000000000013 is an unknown value
R10=0x0 is NULL
R11=0x000000c1aa7ff480 is pointing into the stack for thread: 0x0000020d46bcb130
R12=0x000000c1aa7ff5b8 is pointing into the stack for thread: 0x0000020d46bcb130
R13=0x0 is NULL
R14=0x00000008000c5af8 is a pointer to class: 
constants.Constants$Message {0x00000008000c5b00}
 - instance size:     3
 - klass size:        72
 - access:            public final synchronized 
 - state:             fully_initialized
 - name:              'constants/Constants$Message'
 - super:             'java/lang/Enum'
 - sub:               
 - arrays:            'constants/Constants$Message'[]
 - methods:           Array<T>(0x0000020d4ad3fbb0)
 - method ordering:   Array<T>(0x0000020d4ad3fa18)
 - default_methods:   Array<T>(0x0000000000000000)
 - local interfaces:  Array<T>(0x0000020d46000058)
 - trans. interfaces: Array<T>(0x0000020d462d1d18)
 - constants:         constant pool [240] {0x0000020d4ad437f0} for 'constants/Constants$Message' cache=0x0000020d4ad46000
 - class loader data:  loader data: 0x0000020d45d8e5e0 for instance a 'jdk/internal/loader/ClassLoaders$AppClassLoader'{0x00000007188f6f90}
 - source file:       'Constants.java'
 - source debug extension:       SMAP
Constants.java
Java
*S jdt
*F
1 Constants.java
2 file:/C:/Users/%e7%b1%b3%e6%9e%97/Documents/sts%20%e4%bd%9c%e6%a5%ad%e5%8f%b0/%e5%8f%97%e9%a8%93%e3%83%97%e3%83%ad%e3%82%b0%e3%83%a9%e3%83%a0%20%e6%94%b9%e9%80%a0%e7%89%88ver1/bin/
*L
*E

 - class annotations:       Array<T>(0x0000000000000000)
 - class type annotations:  Array<T>(0x0000000000000000)
 - field annotations:       Array<T>(0x0000000000000000)
 - field type annotations:  Array<T>(0x0000000000000000)
 - generic signature: '
[error occurred during error reporting (printing register info), id 0xc0000005, EXCEPTION_ACCESS_VIOLATION (0xc0000005) at pc=0x00007ffb2205ef36]

Registers:
RAX=0x00000000000000e9, RBX=0x0000020d45e03d8e, RCX=0x0000000000ea0005, RDX=0x0000020d46c77020
RSP=0x000000c1aa7ff460, RBP=0x0000020d45ef4570, RSI=0x0000000000000000, RDI=0xffffffffffffffff
R8 =0x0000000000000008, R9 =0x0000000000000013, R10=0x0000000000000000, R11=0x000000c1aa7ff480
R12=0x000000c1aa7ff5b8, R13=0x0000000000000000, R14=0x00000008000c5af8, R15=0x000000c1aa7ff608
RIP=0x00007ffb2205e32a, EFLAGS=0x0000000000010206

Top of Stack: (sp=0x000000c1aa7ff460)
0x000000c1aa7ff460:   000000000000001b 00000008000c5af8
0x000000c1aa7ff470:   0000020d46bcb130 0000000000000000
0x000000c1aa7ff480:   ffffffffffffffff 00007ffb21dc88cc
0x000000c1aa7ff490:   0000020d45e03d8e 0000020d45e03d70
0x000000c1aa7ff4a0:   0000020d45ef4570 0000020d46fb6a30
0x000000c1aa7ff4b0:   0000020d45e03d40 00000000000003d8
0x000000c1aa7ff4c0:   0000020d45e03d50 0000020d45e04128
0x000000c1aa7ff4d0:   0000000000000002 000000c1aa7ff5b8
0x000000c1aa7ff4e0:   0000000000000000 0000000000000000
0x000000c1aa7ff4f0:   000000071828f668 00007ffb21d8ff34
0x000000c1aa7ff500:   0000020d46bcb130 000000c1aa7ff608
0x000000c1aa7ff510:   0000020d269c80e0 000000c1aa7ff608
0x000000c1aa7ff520:   0000020d46bcb130 0000000000000000
0x000000c1aa7ff530:   0000020d00000000 0000000000000000
0x000000c1aa7ff540:   000000000000000d 00007ffb689d2dff
0x000000c1aa7ff550:   000000c1aa7ff600 00007ffb689e1aa0 

Instructions: (pc=0x00007ffb2205e32a)
0x00007ffb2205e22a:   48 83 c4 20 5f e9 bc 80 90 ff cc cc cc cc cc cc
0x00007ffb2205e23a:   cc cc cc cc cc cc 48 89 5c 24 08 57 48 83 ec 20
0x00007ffb2205e24a:   83 fa 02 8d 42 06 b9 08 00 00 00 49 8b d8 0f 4e
0x00007ffb2205e25a:   c1 48 63 c8 48 83 c1 07 83 e1 f8 48 63 f9 49 8b
0x00007ffb2205e26a:   48 18 48 8b c7 48 f7 d0 48 3b c1 73 16 4c 8d 05
0x00007ffb2205e27a:   4a 50 17 00 48 8b d7 48 8b cb e8 c7 e3 90 ff 48
0x00007ffb2205e28a:   8b 4b 18 48 8d 04 39 48 3b 43 20 76 18 45 33 c0
0x00007ffb2205e29a:   48 8b d7 48 8b cb 48 8b 5c 24 30 48 83 c4 20 5f
0x00007ffb2205e2aa:   e9 21 e0 90 ff 48 89 43 18 48 8b c1 48 8b 5c 24
0x00007ffb2205e2ba:   30 48 83 c4 20 5f c3 cc cc cc cc cc cc cc cc cc
0x00007ffb2205e2ca:   cc cc cc cc cc cc 4c 8b d2 4c 8b d9 45 85 c0 7e
0x00007ffb2205e2da:   3c 44 0f b7 49 04 41 8d 40 ff 41 3b c1 44 0f 4c
0x00007ffb2205e2ea:   c8 4d 63 c1 45 85 c9 7e 1f 48 8b c2 4c 2b da 49
0x00007ffb2205e2fa:   8b d0 0f 1f 40 00 41 0f b6 4c 03 06 88 08 48 8d
0x00007ffb2205e30a:   40 01 48 83 ea 01 75 ee 43 c6 04 10 00 49 8b c2
0x00007ffb2205e31a:   c3 cc cc cc cc cc 48 89 5c 24 08 57 48 83 ec 20
0x00007ffb2205e32a:   0f b7 59 04 48 8b f9 33 d2 48 8d 4b 01 e8 a4 dc
0x00007ffb2205e33a:   f2 ff 0f b7 57 04 4c 8b c0 3b da 0f 42 d3 44 8b
0x00007ffb2205e34a:   ca 85 d2 74 39 48 2b f8 0f 1f 40 00 66 66 0f 1f
0x00007ffb2205e35a:   84 00 00 00 00 00 0f b6 4c 07 06 88 08 48 ff c0
0x00007ffb2205e36a:   48 8b c8 49 2b c8 49 3b c9 7c eb 42 c6 04 02 00
0x00007ffb2205e37a:   49 8b c0 48 8b 5c 24 30 48 83 c4 20 5f c3 48 8b
0x00007ffb2205e38a:   5c 24 30 c6 04 02 00 48 83 c4 20 5f c3 cc cc cc
0x00007ffb2205e39a:   cc cc cc cc cc cc 4c 8b d1 45 85 c0 7e 6c 44 0f
0x00007ffb2205e3aa:   b7 49 04 41 8d 40 ff 41 3b c1 44 0f 4c c8 4d 63
0x00007ffb2205e3ba:   d9 45 85 c9 7e 22 48 8b ca 4c 2b d2 4d 8b c3 0f
0x00007ffb2205e3ca:   1f 80 00 00 00 00 41 0f b6 44 0a 06 88 01 48 8d
0x00007ffb2205e3da:   49 01 49 83 e8 01 75 ee 41 c6 04 13 00 48 c7 c0
0x00007ffb2205e3ea:   ff ff ff ff 66 90 48 ff c0 80 3c 02 00 75 f7 48
0x00007ffb2205e3fa:   63 c8 85 c0 48 8b c2 7e 14 80 38 2f 75 03 c6 00
0x00007ffb2205e40a:   2e 48 ff c0 48 83 e9 01 75 ef 48 8b c2 c3 cc cc
0x00007ffb2205e41a:   cc cc cc cc cc cc 48 83 ec 28 e8 f7 fe ff ff 4c 


Stack slot to memory mapping:
stack at sp + 0 slots: 0x000000000000001b is an unknown value
stack at sp + 1 slots: 0x00000008000c5af8 is a pointer to class: 
constants.Constants$Message {0x00000008000c5b00}
 - instance size:     3
 - klass size:        72
 - access:            public final synchronized 
 - state:             fully_initialized
 - name:              'constants/Constants$Message'
 - super:             'java/lang/Enum'
 - sub:               
 - arrays:            'constants/Constants$Message'[]
 - methods:           Array<T>(0x0000020d4ad3fbb0)
 - method ordering:   Array<T>(0x0000020d4ad3fa18)
 - default_methods:   Array<T>(0x0000000000000000)
 - local interfaces:  Array<T>(0x0000020d46000058)
 - trans. interfaces: Array<T>(0x0000020d462d1d18)
 - constants:         constant pool [240] {0x0000020d4ad437f0} for 'constants/Constants$Message' cache=0x0000020d4ad46000
 - class loader data:  loader data: 0x0000020d45d8e5e0 for instance a 'jdk/internal/loader/ClassLoaders$AppClassLoader'{0x00000007188f6f90}
 - source file:       'Constants.java'
 - source debug extension:       SMAP
Constants.java
Java
*S jdt
*F
1 Constants.java
2 file:/C:/Users/%e7%b1%b3%e6%9e%97/Documents/sts%20%e4%bd%9c%e6%a5%ad%e5%8f%b0/%e5%8f%97%e9%a8%93%e3%83%97%e3%83%ad%e3%82%b0%e3%83%a9%e3%83%a0%20%e6%94%b9%e9%80%a0%e7%89%88ver1/bin/
*L
*E

 - class annotations:       Array<T>(0x0000000000000000)
 - class type annotations:  Array<T>(0x0000000000000000)
 - field annotations:       Array<T>(0x0000000000000000)
 - field type annotations:  Array<T>(0x0000000000000000)
 - generic signature: '
[error occurred during error reporting (inspecting top of stack), id 0xc0000005, EXCEPTION_ACCESS_VIOLATION (0xc0000005) at pc=0x00007ffb2205ef36]


---------------  P R O C E S S  ---------------

Threads class SMR info:
_java_thread_list=0x0000020d46d31230, length=15, elements={
0x0000020d269de2f0, 0x0000020d45bdc5b0, 0x0000020d45bdda90, 0x0000020d45c32200,
0x0000020d45c32ac0, 0x0000020d45c5da40, 0x0000020d45c62f70, 0x0000020d45c64f60,
0x0000020d45c6ccf0, 0x0000020d45c76560, 0x0000020d42d2c780, 0x0000020d46bcb130,
0x0000020d46bb6f30, 0x0000020d46bb9950, 0x0000020d46f783a0
}

Java Threads: ( => current thread )
  0x0000020d269de2f0 JavaThread "main" [_thread_blocked, id=27908, stack(0x000000c1a9300000,0x000000c1a9400000)]
  0x0000020d45bdc5b0 JavaThread "Reference Handler" daemon [_thread_blocked, id=28436, stack(0x000000c1a9a00000,0x000000c1a9b00000)]
  0x0000020d45bdda90 JavaThread "Finalizer" daemon [_thread_blocked, id=25156, stack(0x000000c1a9b00000,0x000000c1a9c00000)]
  0x0000020d45c32200 JavaThread "Signal Dispatcher" daemon [_thread_blocked, id=3956, stack(0x000000c1a9c00000,0x000000c1a9d00000)]
  0x0000020d45c32ac0 JavaThread "Attach Listener" daemon [_thread_blocked, id=1888, stack(0x000000c1a9d00000,0x000000c1a9e00000)]
  0x0000020d45c5da40 JavaThread "Service Thread" daemon [_thread_blocked, id=26468, stack(0x000000c1a9e00000,0x000000c1a9f00000)]
  0x0000020d45c62f70 JavaThread "Monitor Deflation Thread" daemon [_thread_blocked, id=27252, stack(0x000000c1a9f00000,0x000000c1aa000000)]
  0x0000020d45c64f60 JavaThread "C2 CompilerThread0" daemon [_thread_blocked, id=29688, stack(0x000000c1aa000000,0x000000c1aa100000)]
  0x0000020d45c6ccf0 JavaThread "C1 CompilerThread0" daemon [_thread_blocked, id=28832, stack(0x000000c1aa100000,0x000000c1aa200000)]
  0x0000020d45c76560 JavaThread "Sweeper thread" daemon [_thread_blocked, id=27624, stack(0x000000c1aa200000,0x000000c1aa300000)]
  0x0000020d42d2c780 JavaThread "Common-Cleaner" daemon [_thread_blocked, id=12084, stack(0x000000c1aa300000,0x000000c1aa400000)]
=>0x0000020d46bcb130 JavaThread "JDWP Transport Listener: dt_socket" daemon [_thread_in_vm, id=23064, stack(0x000000c1aa700000,0x000000c1aa800000)]
  0x0000020d46bb6f30 JavaThread "JDWP Event Helper Thread" daemon [_thread_blocked, id=4552, stack(0x000000c1aa800000,0x000000c1aa900000)]
  0x0000020d46bb9950 JavaThread "JDWP Command Reader" daemon [_thread_in_native, id=29580, stack(0x000000c1aa900000,0x000000c1aaa00000)]
  0x0000020d46f783a0 JavaThread "Notification Thread" daemon [_thread_blocked, id=27420, stack(0x000000c1aa600000,0x000000c1aa700000)]

Other Threads:
  0x0000020d42d6ea90 VMThread "VM Thread" [stack: 0x000000c1a9900000,0x000000c1a9a00000] [id=29204]
  0x0000020d46bc3f20 WatcherThread [stack: 0x000000c1aaa00000,0x000000c1aab00000] [id=8564]
  0x0000020d26a28ac0 GCTaskThread "GC Thread#0" [stack: 0x000000c1a9400000,0x000000c1a9500000] [id=28448]
  0x0000020d26a39d90 ConcurrentGCThread "G1 Main Marker" [stack: 0x000000c1a9500000,0x000000c1a9600000] [id=26332]
  0x0000020d26a3b160 ConcurrentGCThread "G1 Conc#0" [stack: 0x000000c1a9600000,0x000000c1a9700000] [id=21280]
  0x0000020d42c78730 ConcurrentGCThread "G1 Refine#0" [stack: 0x000000c1a9700000,0x000000c1a9800000] [id=24144]
  0x0000020d42c78ef0 ConcurrentGCThread "G1 Service" [stack: 0x000000c1a9800000,0x000000c1a9900000] [id=26272]

Threads with active compile tasks:

VM state: not at safepoint (normal execution)

VM Mutex/Monitor currently owned by a thread: None

Heap address: 0x0000000709200000, size: 3950 MB, Compressed Oops mode: Zero based, Oop shift amount: 3

CDS archive(s) not mapped
Compressed class space mapped at: 0x0000000800000000-0x0000000840000000, reserved size: 1073741824
Narrow klass base: 0x0000000800000000, Narrow klass shift: 0, Narrow klass range: 0x40000000

GC Precious Log:
 CPUs: 16 total, 16 available
 Memory: 15792M
 Large Page Support: Disabled
 NUMA Support: Disabled
 Compressed Oops: Enabled (Zero based)
 Heap Region Size: 2M
 Heap Min Capacity: 8M
 Heap Initial Capacity: 248M
 Heap Max Capacity: 3950M
 Pre-touch: Disabled
 Parallel Workers: 13
 Concurrent Workers: 3
 Concurrent Refinement Workers: 13
 Periodic GC: Disabled

Heap:
 garbage-first heap   total 253952K, used 8192K [0x0000000709200000, 0x0000000800000000)
  region size 2048K, 5 young (10240K), 0 survivors (0K)
 Metaspace       used 10384K, committed 10496K, reserved 1064960K
  class space    used 915K, committed 960K, reserved 1048576K

Heap Regions: E=young(eden), S=young(survivor), O=old, HS=humongous(starts), HC=humongous(continues), CS=collection set, F=free, OA=open archive, CA=closed archive, TAMS=top-at-mark-start (previous, next)
|   0|0x0000000709200000, 0x0000000709200000, 0x0000000709400000|  0%| F|  |TAMS 0x0000000709200000, 0x0000000709200000| Untracked 
|   1|0x0000000709400000, 0x0000000709400000, 0x0000000709600000|  0%| F|  |TAMS 0x0000000709400000, 0x0000000709400000| Untracked 
|   2|0x0000000709600000, 0x0000000709600000, 0x0000000709800000|  0%| F|  |TAMS 0x0000000709600000, 0x0000000709600000| Untracked 
|   3|0x0000000709800000, 0x0000000709800000, 0x0000000709a00000|  0%| F|  |TAMS 0x0000000709800000, 0x0000000709800000| Untracked 
|   4|0x0000000709a00000, 0x0000000709a00000, 0x0000000709c00000|  0%| F|  |TAMS 0x0000000709a00000, 0x0000000709a00000| Untracked 
|   5|0x0000000709c00000, 0x0000000709c00000, 0x0000000709e00000|  0%| F|  |TAMS 0x0000000709c00000, 0x0000000709c00000| Untracked 
|   6|0x0000000709e00000, 0x0000000709e00000, 0x000000070a000000|  0%| F|  |TAMS 0x0000000709e00000, 0x0000000709e00000| Untracked 
|   7|0x000000070a000000, 0x000000070a000000, 0x000000070a200000|  0%| F|  |TAMS 0x000000070a000000, 0x000000070a000000| Untracked 
|   8|0x000000070a200000, 0x000000070a200000, 0x000000070a400000|  0%| F|  |TAMS 0x000000070a200000, 0x000000070a200000| Untracked 
|   9|0x000000070a400000, 0x000000070a400000, 0x000000070a600000|  0%| F|  |TAMS 0x000000070a400000, 0x000000070a400000| Untracked 
|  10|0x000000070a600000, 0x000000070a600000, 0x000000070a800000|  0%| F|  |TAMS 0x000000070a600000, 0x000000070a600000| Untracked 
|  11|0x000000070a800000, 0x000000070a800000, 0x000000070aa00000|  0%| F|  |TAMS 0x000000070a800000, 0x000000070a800000| Untracked 
|  12|0x000000070aa00000, 0x000000070aa00000, 0x000000070ac00000|  0%| F|  |TAMS 0x000000070aa00000, 0x000000070aa00000| Untracked 
|  13|0x000000070ac00000, 0x000000070ac00000, 0x000000070ae00000|  0%| F|  |TAMS 0x000000070ac00000, 0x000000070ac00000| Untracked 
|  14|0x000000070ae00000, 0x000000070ae00000, 0x000000070b000000|  0%| F|  |TAMS 0x000000070ae00000, 0x000000070ae00000| Untracked 
|  15|0x000000070b000000, 0x000000070b000000, 0x000000070b200000|  0%| F|  |TAMS 0x000000070b000000, 0x000000070b000000| Untracked 
|  16|0x000000070b200000, 0x000000070b200000, 0x000000070b400000|  0%| F|  |TAMS 0x000000070b200000, 0x000000070b200000| Untracked 
|  17|0x000000070b400000, 0x000000070b400000, 0x000000070b600000|  0%| F|  |TAMS 0x000000070b400000, 0x000000070b400000| Untracked 
|  18|0x000000070b600000, 0x000000070b600000, 0x000000070b800000|  0%| F|  |TAMS 0x000000070b600000, 0x000000070b600000| Untracked 
|  19|0x000000070b800000, 0x000000070b800000, 0x000000070ba00000|  0%| F|  |TAMS 0x000000070b800000, 0x000000070b800000| Untracked 
|  20|0x000000070ba00000, 0x000000070ba00000, 0x000000070bc00000|  0%| F|  |TAMS 0x000000070ba00000, 0x000000070ba00000| Untracked 
|  21|0x000000070bc00000, 0x000000070bc00000, 0x000000070be00000|  0%| F|  |TAMS 0x000000070bc00000, 0x000000070bc00000| Untracked 
|  22|0x000000070be00000, 0x000000070be00000, 0x000000070c000000|  0%| F|  |TAMS 0x000000070be00000, 0x000000070be00000| Untracked 
|  23|0x000000070c000000, 0x000000070c000000, 0x000000070c200000|  0%| F|  |TAMS 0x000000070c000000, 0x000000070c000000| Untracked 
|  24|0x000000070c200000, 0x000000070c200000, 0x000000070c400000|  0%| F|  |TAMS 0x000000070c200000, 0x000000070c200000| Untracked 
|  25|0x000000070c400000, 0x000000070c400000, 0x000000070c600000|  0%| F|  |TAMS 0x000000070c400000, 0x000000070c400000| Untracked 
|  26|0x000000070c600000, 0x000000070c600000, 0x000000070c800000|  0%| F|  |TAMS 0x000000070c600000, 0x000000070c600000| Untracked 
|  27|0x000000070c800000, 0x000000070c800000, 0x000000070ca00000|  0%| F|  |TAMS 0x000000070c800000, 0x000000070c800000| Untracked 
|  28|0x000000070ca00000, 0x000000070ca00000, 0x000000070cc00000|  0%| F|  |TAMS 0x000000070ca00000, 0x000000070ca00000| Untracked 
|  29|0x000000070cc00000, 0x000000070cc00000, 0x000000070ce00000|  0%| F|  |TAMS 0x000000070cc00000, 0x000000070cc00000| Untracked 
|  30|0x000000070ce00000, 0x000000070ce00000, 0x000000070d000000|  0%| F|  |TAMS 0x000000070ce00000, 0x000000070ce00000| Untracked 
|  31|0x000000070d000000, 0x000000070d000000, 0x000000070d200000|  0%| F|  |TAMS 0x000000070d000000, 0x000000070d000000| Untracked 
|  32|0x000000070d200000, 0x000000070d200000, 0x000000070d400000|  0%| F|  |TAMS 0x000000070d200000, 0x000000070d200000| Untracked 
|  33|0x000000070d400000, 0x000000070d400000, 0x000000070d600000|  0%| F|  |TAMS 0x000000070d400000, 0x000000070d400000| Untracked 
|  34|0x000000070d600000, 0x000000070d600000, 0x000000070d800000|  0%| F|  |TAMS 0x000000070d600000, 0x000000070d600000| Untracked 
|  35|0x000000070d800000, 0x000000070d800000, 0x000000070da00000|  0%| F|  |TAMS 0x000000070d800000, 0x000000070d800000| Untracked 
|  36|0x000000070da00000, 0x000000070da00000, 0x000000070dc00000|  0%| F|  |TAMS 0x000000070da00000, 0x000000070da00000| Untracked 
|  37|0x000000070dc00000, 0x000000070dc00000, 0x000000070de00000|  0%| F|  |TAMS 0x000000070dc00000, 0x000000070dc00000| Untracked 
|  38|0x000000070de00000, 0x000000070de00000, 0x000000070e000000|  0%| F|  |TAMS 0x000000070de00000, 0x000000070de00000| Untracked 
|  39|0x000000070e000000, 0x000000070e000000, 0x000000070e200000|  0%| F|  |TAMS 0x000000070e000000, 0x000000070e000000| Untracked 
|  40|0x000000070e200000, 0x000000070e200000, 0x000000070e400000|  0%| F|  |TAMS 0x000000070e200000, 0x000000070e200000| Untracked 
|  41|0x000000070e400000, 0x000000070e400000, 0x000000070e600000|  0%| F|  |TAMS 0x000000070e400000, 0x000000070e400000| Untracked 
|  42|0x000000070e600000, 0x000000070e600000, 0x000000070e800000|  0%| F|  |TAMS 0x000000070e600000, 0x000000070e600000| Untracked 
|  43|0x000000070e800000, 0x000000070e800000, 0x000000070ea00000|  0%| F|  |TAMS 0x000000070e800000, 0x000000070e800000| Untracked 
|  44|0x000000070ea00000, 0x000000070ea00000, 0x000000070ec00000|  0%| F|  |TAMS 0x000000070ea00000, 0x000000070ea00000| Untracked 
|  45|0x000000070ec00000, 0x000000070ec00000, 0x000000070ee00000|  0%| F|  |TAMS 0x000000070ec00000, 0x000000070ec00000| Untracked 
|  46|0x000000070ee00000, 0x000000070ee00000, 0x000000070f000000|  0%| F|  |TAMS 0x000000070ee00000, 0x000000070ee00000| Untracked 
|  47|0x000000070f000000, 0x000000070f000000, 0x000000070f200000|  0%| F|  |TAMS 0x000000070f000000, 0x000000070f000000| Untracked 
|  48|0x000000070f200000, 0x000000070f200000, 0x000000070f400000|  0%| F|  |TAMS 0x000000070f200000, 0x000000070f200000| Untracked 
|  49|0x000000070f400000, 0x000000070f400000, 0x000000070f600000|  0%| F|  |TAMS 0x000000070f400000, 0x000000070f400000| Untracked 
|  50|0x000000070f600000, 0x000000070f600000, 0x000000070f800000|  0%| F|  |TAMS 0x000000070f600000, 0x000000070f600000| Untracked 
|  51|0x000000070f800000, 0x000000070f800000, 0x000000070fa00000|  0%| F|  |TAMS 0x000000070f800000, 0x000000070f800000| Untracked 
|  52|0x000000070fa00000, 0x000000070fa00000, 0x000000070fc00000|  0%| F|  |TAMS 0x000000070fa00000, 0x000000070fa00000| Untracked 
|  53|0x000000070fc00000, 0x000000070fc00000, 0x000000070fe00000|  0%| F|  |TAMS 0x000000070fc00000, 0x000000070fc00000| Untracked 
|  54|0x000000070fe00000, 0x000000070fe00000, 0x0000000710000000|  0%| F|  |TAMS 0x000000070fe00000, 0x000000070fe00000| Untracked 
|  55|0x0000000710000000, 0x0000000710000000, 0x0000000710200000|  0%| F|  |TAMS 0x0000000710000000, 0x0000000710000000| Untracked 
|  56|0x0000000710200000, 0x0000000710200000, 0x0000000710400000|  0%| F|  |TAMS 0x0000000710200000, 0x0000000710200000| Untracked 
|  57|0x0000000710400000, 0x0000000710400000, 0x0000000710600000|  0%| F|  |TAMS 0x0000000710400000, 0x0000000710400000| Untracked 
|  58|0x0000000710600000, 0x0000000710600000, 0x0000000710800000|  0%| F|  |TAMS 0x0000000710600000, 0x0000000710600000| Untracked 
|  59|0x0000000710800000, 0x0000000710800000, 0x0000000710a00000|  0%| F|  |TAMS 0x0000000710800000, 0x0000000710800000| Untracked 
|  60|0x0000000710a00000, 0x0000000710a00000, 0x0000000710c00000|  0%| F|  |TAMS 0x0000000710a00000, 0x0000000710a00000| Untracked 
|  61|0x0000000710c00000, 0x0000000710c00000, 0x0000000710e00000|  0%| F|  |TAMS 0x0000000710c00000, 0x0000000710c00000| Untracked 
|  62|0x0000000710e00000, 0x0000000710e00000, 0x0000000711000000|  0%| F|  |TAMS 0x0000000710e00000, 0x0000000710e00000| Untracked 
|  63|0x0000000711000000, 0x0000000711000000, 0x0000000711200000|  0%| F|  |TAMS 0x0000000711000000, 0x0000000711000000| Untracked 
|  64|0x0000000711200000, 0x0000000711200000, 0x0000000711400000|  0%| F|  |TAMS 0x0000000711200000, 0x0000000711200000| Untracked 
|  65|0x0000000711400000, 0x0000000711400000, 0x0000000711600000|  0%| F|  |TAMS 0x0000000711400000, 0x0000000711400000| Untracked 
|  66|0x0000000711600000, 0x0000000711600000, 0x0000000711800000|  0%| F|  |TAMS 0x0000000711600000, 0x0000000711600000| Untracked 
|  67|0x0000000711800000, 0x0000000711800000, 0x0000000711a00000|  0%| F|  |TAMS 0x0000000711800000, 0x0000000711800000| Untracked 
|  68|0x0000000711a00000, 0x0000000711a00000, 0x0000000711c00000|  0%| F|  |TAMS 0x0000000711a00000, 0x0000000711a00000| Untracked 
|  69|0x0000000711c00000, 0x0000000711c00000, 0x0000000711e00000|  0%| F|  |TAMS 0x0000000711c00000, 0x0000000711c00000| Untracked 
|  70|0x0000000711e00000, 0x0000000711e00000, 0x0000000712000000|  0%| F|  |TAMS 0x0000000711e00000, 0x0000000711e00000| Untracked 
|  71|0x0000000712000000, 0x0000000712000000, 0x0000000712200000|  0%| F|  |TAMS 0x0000000712000000, 0x0000000712000000| Untracked 
|  72|0x0000000712200000, 0x0000000712200000, 0x0000000712400000|  0%| F|  |TAMS 0x0000000712200000, 0x0000000712200000| Untracked 
|  73|0x0000000712400000, 0x0000000712400000, 0x0000000712600000|  0%| F|  |TAMS 0x0000000712400000, 0x0000000712400000| Untracked 
|  74|0x0000000712600000, 0x0000000712600000, 0x0000000712800000|  0%| F|  |TAMS 0x0000000712600000, 0x0000000712600000| Untracked 
|  75|0x0000000712800000, 0x0000000712800000, 0x0000000712a00000|  0%| F|  |TAMS 0x0000000712800000, 0x0000000712800000| Untracked 
|  76|0x0000000712a00000, 0x0000000712a00000, 0x0000000712c00000|  0%| F|  |TAMS 0x0000000712a00000, 0x0000000712a00000| Untracked 
|  77|0x0000000712c00000, 0x0000000712c00000, 0x0000000712e00000|  0%| F|  |TAMS 0x0000000712c00000, 0x0000000712c00000| Untracked 
|  78|0x0000000712e00000, 0x0000000712e00000, 0x0000000713000000|  0%| F|  |TAMS 0x0000000712e00000, 0x0000000712e00000| Untracked 
|  79|0x0000000713000000, 0x0000000713000000, 0x0000000713200000|  0%| F|  |TAMS 0x0000000713000000, 0x0000000713000000| Untracked 
|  80|0x0000000713200000, 0x0000000713200000, 0x0000000713400000|  0%| F|  |TAMS 0x0000000713200000, 0x0000000713200000| Untracked 
|  81|0x0000000713400000, 0x0000000713400000, 0x0000000713600000|  0%| F|  |TAMS 0x0000000713400000, 0x0000000713400000| Untracked 
|  82|0x0000000713600000, 0x0000000713600000, 0x0000000713800000|  0%| F|  |TAMS 0x0000000713600000, 0x0000000713600000| Untracked 
|  83|0x0000000713800000, 0x0000000713800000, 0x0000000713a00000|  0%| F|  |TAMS 0x0000000713800000, 0x0000000713800000| Untracked 
|  84|0x0000000713a00000, 0x0000000713a00000, 0x0000000713c00000|  0%| F|  |TAMS 0x0000000713a00000, 0x0000000713a00000| Untracked 
|  85|0x0000000713c00000, 0x0000000713c00000, 0x0000000713e00000|  0%| F|  |TAMS 0x0000000713c00000, 0x0000000713c00000| Untracked 
|  86|0x0000000713e00000, 0x0000000713e00000, 0x0000000714000000|  0%| F|  |TAMS 0x0000000713e00000, 0x0000000713e00000| Untracked 
|  87|0x0000000714000000, 0x0000000714000000, 0x0000000714200000|  0%| F|  |TAMS 0x0000000714000000, 0x0000000714000000| Untracked 
|  88|0x0000000714200000, 0x0000000714200000, 0x0000000714400000|  0%| F|  |TAMS 0x0000000714200000, 0x0000000714200000| Untracked 
|  89|0x0000000714400000, 0x0000000714400000, 0x0000000714600000|  0%| F|  |TAMS 0x0000000714400000, 0x0000000714400000| Untracked 
|  90|0x0000000714600000, 0x0000000714600000, 0x0000000714800000|  0%| F|  |TAMS 0x0000000714600000, 0x0000000714600000| Untracked 
|  91|0x0000000714800000, 0x0000000714800000, 0x0000000714a00000|  0%| F|  |TAMS 0x0000000714800000, 0x0000000714800000| Untracked 
|  92|0x0000000714a00000, 0x0000000714a00000, 0x0000000714c00000|  0%| F|  |TAMS 0x0000000714a00000, 0x0000000714a00000| Untracked 
|  93|0x0000000714c00000, 0x0000000714c00000, 0x0000000714e00000|  0%| F|  |TAMS 0x0000000714c00000, 0x0000000714c00000| Untracked 
|  94|0x0000000714e00000, 0x0000000714e00000, 0x0000000715000000|  0%| F|  |TAMS 0x0000000714e00000, 0x0000000714e00000| Untracked 
|  95|0x0000000715000000, 0x0000000715000000, 0x0000000715200000|  0%| F|  |TAMS 0x0000000715000000, 0x0000000715000000| Untracked 
|  96|0x0000000715200000, 0x0000000715200000, 0x0000000715400000|  0%| F|  |TAMS 0x0000000715200000, 0x0000000715200000| Untracked 
|  97|0x0000000715400000, 0x0000000715400000, 0x0000000715600000|  0%| F|  |TAMS 0x0000000715400000, 0x0000000715400000| Untracked 
|  98|0x0000000715600000, 0x0000000715600000, 0x0000000715800000|  0%| F|  |TAMS 0x0000000715600000, 0x0000000715600000| Untracked 
|  99|0x0000000715800000, 0x0000000715800000, 0x0000000715a00000|  0%| F|  |TAMS 0x0000000715800000, 0x0000000715800000| Untracked 
| 100|0x0000000715a00000, 0x0000000715a00000, 0x0000000715c00000|  0%| F|  |TAMS 0x0000000715a00000, 0x0000000715a00000| Untracked 
| 101|0x0000000715c00000, 0x0000000715c00000, 0x0000000715e00000|  0%| F|  |TAMS 0x0000000715c00000, 0x0000000715c00000| Untracked 
| 102|0x0000000715e00000, 0x0000000715e00000, 0x0000000716000000|  0%| F|  |TAMS 0x0000000715e00000, 0x0000000715e00000| Untracked 
| 103|0x0000000716000000, 0x0000000716000000, 0x0000000716200000|  0%| F|  |TAMS 0x0000000716000000, 0x0000000716000000| Untracked 
| 104|0x0000000716200000, 0x0000000716200000, 0x0000000716400000|  0%| F|  |TAMS 0x0000000716200000, 0x0000000716200000| Untracked 
| 105|0x0000000716400000, 0x0000000716400000, 0x0000000716600000|  0%| F|  |TAMS 0x0000000716400000, 0x0000000716400000| Untracked 
| 106|0x0000000716600000, 0x0000000716600000, 0x0000000716800000|  0%| F|  |TAMS 0x0000000716600000, 0x0000000716600000| Untracked 
| 107|0x0000000716800000, 0x0000000716800000, 0x0000000716a00000|  0%| F|  |TAMS 0x0000000716800000, 0x0000000716800000| Untracked 
| 108|0x0000000716a00000, 0x0000000716a00000, 0x0000000716c00000|  0%| F|  |TAMS 0x0000000716a00000, 0x0000000716a00000| Untracked 
| 109|0x0000000716c00000, 0x0000000716c00000, 0x0000000716e00000|  0%| F|  |TAMS 0x0000000716c00000, 0x0000000716c00000| Untracked 
| 110|0x0000000716e00000, 0x0000000716e00000, 0x0000000717000000|  0%| F|  |TAMS 0x0000000716e00000, 0x0000000716e00000| Untracked 
| 111|0x0000000717000000, 0x0000000717000000, 0x0000000717200000|  0%| F|  |TAMS 0x0000000717000000, 0x0000000717000000| Untracked 
| 112|0x0000000717200000, 0x0000000717200000, 0x0000000717400000|  0%| F|  |TAMS 0x0000000717200000, 0x0000000717200000| Untracked 
| 113|0x0000000717400000, 0x0000000717400000, 0x0000000717600000|  0%| F|  |TAMS 0x0000000717400000, 0x0000000717400000| Untracked 
| 114|0x0000000717600000, 0x0000000717600000, 0x0000000717800000|  0%| F|  |TAMS 0x0000000717600000, 0x0000000717600000| Untracked 
| 115|0x0000000717800000, 0x0000000717800000, 0x0000000717a00000|  0%| F|  |TAMS 0x0000000717800000, 0x0000000717800000| Untracked 
| 116|0x0000000717a00000, 0x0000000717a00000, 0x0000000717c00000|  0%| F|  |TAMS 0x0000000717a00000, 0x0000000717a00000| Untracked 
| 117|0x0000000717c00000, 0x0000000717c00000, 0x0000000717e00000|  0%| F|  |TAMS 0x0000000717c00000, 0x0000000717c00000| Untracked 
| 118|0x0000000717e00000, 0x0000000717e00000, 0x0000000718000000|  0%| F|  |TAMS 0x0000000717e00000, 0x0000000717e00000| Untracked 
| 119|0x0000000718000000, 0x0000000718071260, 0x0000000718200000| 22%| E|  |TAMS 0x0000000718000000, 0x0000000718000000| Complete 
| 120|0x0000000718200000, 0x0000000718400000, 0x0000000718400000|100%| E|CS|TAMS 0x0000000718200000, 0x0000000718200000| Complete 
| 121|0x0000000718400000, 0x0000000718600000, 0x0000000718600000|100%| E|CS|TAMS 0x0000000718400000, 0x0000000718400000| Complete 
| 122|0x0000000718600000, 0x0000000718800000, 0x0000000718800000|100%| E|CS|TAMS 0x0000000718600000, 0x0000000718600000| Complete 
| 123|0x0000000718800000, 0x0000000718a00000, 0x0000000718a00000|100%| E|CS|TAMS 0x0000000718800000, 0x0000000718800000| Complete 

Card table byte_map: [0x0000020d3a070000,0x0000020d3a830000] _byte_map_base: 0x0000020d36827000

Marking Bits (Prev, Next): (CMBitMap*) 0x0000020d26a29d90, (CMBitMap*) 0x0000020d26a29dd0
 Prev Bits: [0x0000020d3aff0000, 0x0000020d3eda8000)
 Next Bits: [0x0000020d3edb0000, 0x0000020d42b68000)

Polling page: 0x0000020d25690000

Metaspace:

Usage:
  Non-class:      9.25 MB used.
      Class:    915.27 KB used.
       Both:     10.14 MB used.

Virtual space:
  Non-class space:       16.00 MB reserved,       9.31 MB ( 58%) committed,  2 nodes.
      Class space:        1.00 GB reserved,     960.00 KB ( <1%) committed,  1 nodes.
             Both:        1.02 GB reserved,      10.25 MB ( <1%) committed. 

Chunk freelists:
   Non-Class:  2.72 MB
       Class:  3.09 MB
        Both:  5.81 MB

MaxMetaspaceSize: unlimited
CompressedClassSpaceSize: 1.00 GB
Initial GC threshold: 21.00 MB
Current GC threshold: 21.00 MB
CDS: off
MetaspaceReclaimPolicy: balanced
 - commit_granule_bytes: 65536.
 - commit_granule_words: 8192.
 - virtual_space_node_default_size: 1048576.
 - enlarge_chunks_in_place: 1.
 - new_chunks_are_fully_committed: 0.
 - uncommit_free_chunks: 1.
 - use_allocation_guard: 0.
 - handle_deallocations: 1.


Internal statistics:

num_allocs_failed_limit: 0.
num_arena_births: 14.
num_arena_deaths: 0.
num_vsnodes_births: 3.
num_vsnodes_deaths: 0.
num_space_committed: 164.
num_space_uncommitted: 0.
num_chunks_returned_to_freelist: 0.
num_chunks_taken_from_freelist: 55.
num_chunk_merges: 0.
num_chunk_splits: 26.
num_chunks_enlarged: 16.
num_purges: 0.
num_inconsistent_stats: 0.

CodeHeap 'non-profiled nmethods': size=119168Kb used=156Kb max_used=156Kb free=119012Kb
 bounds [0x0000020d31bc0000, 0x0000020d31e30000, 0x0000020d39020000]
CodeHeap 'profiled nmethods': size=119104Kb used=774Kb max_used=774Kb free=118329Kb
 bounds [0x0000020d2a770000, 0x0000020d2a9e0000, 0x0000020d31bc0000]
CodeHeap 'non-nmethods': size=7488Kb used=1208Kb max_used=2349Kb free=6279Kb
 bounds [0x0000020d2a020000, 0x0000020d2a290000, 0x0000020d2a770000]
 total_blobs=914 nmethods=487 adapters=340
 compilation: enabled
              stopped_count=0, restarted_count=0
 full_count=0

Compilation events (20 events):
Event: 4.511 Thread 0x0000020d45c6ccf0 nmethod 481 0x0000020d2a82d090 code [0x0000020d2a82d500, 0x0000020d2a82f1c8]
Event: 4.511 Thread 0x0000020d45c6ccf0  482       3       java.util.concurrent.ConcurrentHashMap$Traverser::advance (188 bytes)
Event: 4.511 Thread 0x0000020d45c6ccf0 nmethod 482 0x0000020d2a82fc90 code [0x0000020d2a82fee0, 0x0000020d2a830b08]
Event: 4.511 Thread 0x0000020d45c6ccf0  483       3       java.lang.String::getChars (54 bytes)
Event: 4.512 Thread 0x0000020d45c6ccf0 nmethod 483 0x0000020d2a830d90 code [0x0000020d2a830f80, 0x0000020d2a831418]
Event: 4.512 Thread 0x0000020d45c6ccf0  484       3       java.util.concurrent.ConcurrentHashMap$BaseIterator::hasNext (13 bytes)
Event: 4.512 Thread 0x0000020d45c6ccf0 nmethod 484 0x0000020d2a831610 code [0x0000020d2a8317a0, 0x0000020d2a831918]
Event: 4.520 Thread 0x0000020d45c64f60 nmethod 474 0x0000020d31be2990 code [0x0000020d31be2bc0, 0x0000020d31be4720]
Event: 4.520 Thread 0x0000020d45c64f60  476       4       java.lang.AbstractStringBuilder::ensureCapacityInternal (39 bytes)
Event: 4.522 Thread 0x0000020d45c64f60 nmethod 476 0x0000020d31be5010 code [0x0000020d31be51a0, 0x0000020d31be55b8]
Event: 4.522 Thread 0x0000020d45c64f60  485       4       java.lang.StringBuilder::append (8 bytes)
Event: 4.525 Thread 0x0000020d45c64f60 nmethod 485 0x0000020d31be5790 code [0x0000020d31be5920, 0x0000020d31be5ee8]
Event: 4.525 Thread 0x0000020d45c64f60  486       4       java.lang.AbstractStringBuilder::append (77 bytes)
Event: 4.528 Thread 0x0000020d45c64f60 nmethod 486 0x0000020d31be6290 code [0x0000020d31be6420, 0x0000020d31be69a8]
Event: 381.941 Thread 0x0000020d45c64f60  487       4       org.eclipse.jdt.launching.internal.org.objectweb.asm.ClassReader::getItem (7 bytes)
Event: 381.941 Thread 0x0000020d45c6ccf0  488       3       org.eclipse.jdt.launching.internal.org.objectweb.asm.SymbolTable::addConstantUtf8 (98 bytes)
Event: 381.944 Thread 0x0000020d45c6ccf0 

Event: 381.944 Thread 0x0000020d45c6ccf0  489       1       org.eclipse.jdt.launching.internal.org.objectweb.asm.SymbolTable::getMajorVersion (5 bytes)
Event: 381.944 Thread 0x0000020d45c64f60 

Event: 381.944 Thread 0x0000020d45c6ccf0 nmethod 489 0x0000020d31be6d10 code [0x0000020d31be6ea0, 0x0000020d31be6f78]

GC Heap History (0 events):
No events

Deoptimization events (20 events):
Event: 0.357 Thread 0x0000020d269de2f0 DEOPT PACKING pc=0x0000020d2a7f5854 sp=0x000000c1a93f83d0
Event: 0.357 Thread 0x0000020d269de2f0 DEOPT UNPACKING pc=0x0000020d2a072b43 sp=0x000000c1a93f7838 mode 0
Event: 0.358 Thread 0x0000020d269de2f0 DEOPT PACKING pc=0x0000020d2a7f5854 sp=0x000000c1a93f83d0
Event: 0.358 Thread 0x0000020d269de2f0 DEOPT UNPACKING pc=0x0000020d2a072b43 sp=0x000000c1a93f7838 mode 0
Event: 0.358 Thread 0x0000020d269de2f0 DEOPT PACKING pc=0x0000020d2a7f5854 sp=0x000000c1a93f83d0
Event: 0.358 Thread 0x0000020d269de2f0 DEOPT UNPACKING pc=0x0000020d2a072b43 sp=0x000000c1a93f7838 mode 0
Event: 0.359 Thread 0x0000020d269de2f0 DEOPT PACKING pc=0x0000020d2a7f5854 sp=0x000000c1a93f83d0
Event: 0.359 Thread 0x0000020d269de2f0 DEOPT UNPACKING pc=0x0000020d2a072b43 sp=0x000000c1a93f7838 mode 0
Event: 0.359 Thread 0x0000020d269de2f0 DEOPT PACKING pc=0x0000020d2a7f5854 sp=0x000000c1a93f83d0
Event: 0.359 Thread 0x0000020d269de2f0 DEOPT UNPACKING pc=0x0000020d2a072b43 sp=0x000000c1a93f7838 mode 0
Event: 0.362 Thread 0x0000020d269de2f0 DEOPT PACKING pc=0x0000020d2a7f5854 sp=0x000000c1a93fbe20
Event: 0.362 Thread 0x0000020d269de2f0 DEOPT UNPACKING pc=0x0000020d2a072b43 sp=0x000000c1a93fb288 mode 0
Event: 0.362 Thread 0x0000020d269de2f0 DEOPT PACKING pc=0x0000020d2a7f5854 sp=0x000000c1a93fbe20
Event: 0.362 Thread 0x0000020d269de2f0 DEOPT UNPACKING pc=0x0000020d2a072b43 sp=0x000000c1a93fb288 mode 0
Event: 0.362 Thread 0x0000020d269de2f0 DEOPT PACKING pc=0x0000020d2a7f5854 sp=0x000000c1a93fbe20
Event: 0.362 Thread 0x0000020d269de2f0 DEOPT UNPACKING pc=0x0000020d2a072b43 sp=0x000000c1a93fb288 mode 0
Event: 0.363 Thread 0x0000020d269de2f0 DEOPT PACKING pc=0x0000020d2a7f5854 sp=0x000000c1a93f8350
Event: 0.363 Thread 0x0000020d269de2f0 DEOPT UNPACKING pc=0x0000020d2a072b43 sp=0x000000c1a93f77b8 mode 0
Event: 0.365 Thread 0x0000020d269de2f0 DEOPT PACKING pc=0x0000020d2a7f5854 sp=0x000000c1a93fbd50
Event: 0.365 Thread 0x0000020d269de2f0 DEOPT UNPACKING pc=0x0000020d2a072b43 sp=0x000000c1a93fb1b8 mode 0

Classes unloaded (0 events):
No events

Classes redefined (2 events):
Event: 233.032 Thread 0x0000020d42d6ea90 redefined class name=service.dto.InquiryStudent, count=1
Event: 381.942 Thread 0x0000020d42d6ea90 redefined class name=constants.Constants$Message, count=1

Internal exceptions (2 events):
Event: 0.315 Thread 0x0000020d269de2f0 Exception <a 'java/lang/NoSuchMethodError'{0x00000007184cb8e8}: 'java.lang.Object java.lang.invoke.DirectMethodHandle$Holder.invokeStaticInit(java.lang.Object)'> (0x00000007184cb8e8) 
thrown [e:\jenkins\tmp\workspace\build\src\src\hotspot\share\interpreter\linkResolver.cpp, line 766]
Event: 0.316 Thread 0x0000020d269de2f0 Exception <a 'java/lang/NoSuchMethodError'{0x00000007184d1c30}: 'java.lang.Object java.lang.invoke.Invokers$Holder.invoke_MT(java.lang.Object, java.lang.Object, java.lang.Object)'> (0x00000007184d1c30) 
thrown [e:\jenkins\tmp\workspace\build\src\src\hotspot\share\interpreter\linkResolver.cpp, line 766]

VM Operations (20 events):
Event: 87.888 Executing VM operation: get/set locals
Event: 87.888 Executing VM operation: get/set locals done
Event: 87.888 Executing VM operation: get/set locals
Event: 87.888 Executing VM operation: get/set locals done
Event: 87.891 Executing VM operation: get/set locals
Event: 87.891 Executing VM operation: get/set locals done
Event: 87.891 Executing VM operation: get/set locals
Event: 87.891 Executing VM operation: get/set locals done
Event: 87.893 Executing VM operation: get/set locals
Event: 87.893 Executing VM operation: get/set locals done
Event: 87.894 Executing VM operation: get/set locals
Event: 87.894 Executing VM operation: get/set locals done
Event: 233.031 Executing VM operation: RedefineClasses
Event: 233.034 Executing VM operation: RedefineClasses done
Event: 381.942 Executing VM operation: RedefineClasses
Event: 381.944 Executing VM operation: RedefineClasses done
Event: 422.862 Executing VM operation: get/set locals
Event: 422.863 Executing VM operation: get/set locals done
Event: 6394.216 Executing VM operation: get/set locals
Event: 6394.216 Executing VM operation: get/set locals done

Events (20 events):
Event: 4.501 loading class sun/util/resources/OpenListResourceBundle
Event: 4.501 loading class sun/util/resources/OpenListResourceBundle done
Event: 4.501 loading class sun/util/resources/TimeZoneNamesBundle done
Event: 4.501 loading class sun/util/resources/cldr/TimeZoneNames done
Event: 4.501 loading class java/util/ResourceBundle$ResourceBundleProviderHelper
Event: 4.501 loading class java/util/ResourceBundle$ResourceBundleProviderHelper done
Event: 4.501 loading class sun/util/resources/Bundles$BundleReference
Event: 4.501 loading class sun/util/resources/Bundles$CacheKeyReference
Event: 4.501 loading class sun/util/resources/Bundles$CacheKeyReference done
Event: 4.501 loading class sun/util/resources/Bundles$BundleReference done
Event: 4.501 loading class sun/util/resources/cldr/TimeZoneNames_en
Event: 4.502 loading class sun/util/resources/cldr/TimeZoneNames_en done
Event: 4.502 loading class sun/util/resources/cldr/TimeZoneNames_en_US
Event: 4.502 loading class sun/util/resources/cldr/TimeZoneNames_en_US done
Event: 4.503 loading class sun/util/locale/provider/LocaleResources$ResourceReference
Event: 4.503 loading class sun/util/locale/provider/LocaleResources$ResourceReference done
Event: 4.503 loading class sun/util/resources/TimeZoneNames
Event: 4.503 loading class sun/util/resources/TimeZoneNames done
Event: 4.503 loading class sun/util/resources/TimeZoneNames_en
Event: 4.503 loading class sun/util/resources/TimeZoneNames_en done


Dynamic libraries:
0x00007ff725f40000 - 0x00007ff725f4e000 	C:\Users\ïƒó—\Desktop\sts-4.15.1.RELEASE\plugins\org.eclipse.justj.openjdk.hotspot.jre.full.win32.x86_64_17.0.3.v20220515-1416\jre\bin\javaw.exe
0x00007ffb7da80000 - 0x00007ffb7dc89000 	C:\WINDOWS\SYSTEM32\ntdll.dll
0x00007ffb7cf40000 - 0x00007ffb7cffd000 	C:\WINDOWS\System32\KERNEL32.DLL
0x00007ffb7b560000 - 0x00007ffb7b8d9000 	C:\WINDOWS\System32\KERNELBASE.dll
0x00007ffb7af60000 - 0x00007ffb7b071000 	C:\WINDOWS\System32\ucrtbase.dll
0x00007ffb6b7c0000 - 0x00007ffb6b7d8000 	C:\Users\ïƒó—\Desktop\sts-4.15.1.RELEASE\plugins\org.eclipse.justj.openjdk.hotspot.jre.full.win32.x86_64_17.0.3.v20220515-1416\jre\bin\jli.dll
0x00007ffb6dd00000 - 0x00007ffb6dd19000 	C:\Users\ïƒó—\Desktop\sts-4.15.1.RELEASE\plugins\org.eclipse.justj.openjdk.hotspot.jre.full.win32.x86_64_17.0.3.v20220515-1416\jre\bin\VCRUNTIME140.dll
0x00007ffb7b970000 - 0x00007ffb7bb1c000 	C:\WINDOWS\System32\USER32.dll
0x00007ffb7b8e0000 - 0x00007ffb7b906000 	C:\WINDOWS\System32\win32u.dll
0x00007ffb7d000000 - 0x00007ffb7d029000 	C:\WINDOWS\System32\GDI32.dll
0x00007ffb7b260000 - 0x00007ffb7b372000 	C:\WINDOWS\System32\gdi32full.dll
0x00007ffb65b60000 - 0x00007ffb65e05000 	C:\WINDOWS\WinSxS\amd64_microsoft.windows.common-controls_6595b64144ccf1df_6.0.22000.120_none_9d947278b86cc467\COMCTL32.dll
0x00007ffb7b4c0000 - 0x00007ffb7b55d000 	C:\WINDOWS\System32\msvcp_win.dll
0x00007ffb7d450000 - 0x00007ffb7d4f3000 	C:\WINDOWS\System32\msvcrt.dll
0x00007ffb7bd10000 - 0x00007ffb7bd41000 	C:\WINDOWS\System32\IMM32.DLL
0x00007ffb6df80000 - 0x00007ffb6e176000 	C:\Windows\system32\tmumh\20019\AddOn\8.55.0.1053\TmUmEvt64.dll
0x00007ffb7d430000 - 0x00007ffb7d438000 	C:\WINDOWS\System32\PSAPI.DLL
0x00007ffb7d500000 - 0x00007ffb7d5ae000 	C:\WINDOWS\System32\ADVAPI32.dll
0x00007ffb7d5b0000 - 0x00007ffb7d64e000 	C:\WINDOWS\System32\sechost.dll
0x00007ffb7bb20000 - 0x00007ffb7bc40000 	C:\WINDOWS\System32\RPCRT4.dll
0x0000000064c20000 - 0x0000000064d8f000 	C:\Windows\system32\tmumh\20019\TmMon\2.9.0.1036\tmmon64.dll
0x00007ffb7b910000 - 0x00007ffb7b96d000 	C:\WINDOWS\System32\SHLWAPI.dll
0x00007ffb6b970000 - 0x00007ffb6b97c000 	C:\Users\ïƒó—\Desktop\sts-4.15.1.RELEASE\plugins\org.eclipse.justj.openjdk.hotspot.jre.full.win32.x86_64_17.0.3.v20220515-1416\jre\bin\vcruntime140_1.dll
0x00007ffb666a0000 - 0x00007ffb66731000 	C:\Users\ïƒó—\Desktop\sts-4.15.1.RELEASE\plugins\org.eclipse.justj.openjdk.hotspot.jre.full.win32.x86_64_17.0.3.v20220515-1416\jre\bin\msvcp140.dll
0x00007ffb218c0000 - 0x00007ffb22508000 	C:\Users\ïƒó—\Desktop\sts-4.15.1.RELEASE\plugins\org.eclipse.justj.openjdk.hotspot.jre.full.win32.x86_64_17.0.3.v20220515-1416\jre\bin\server\jvm.dll
0x00007ffb6dcf0000 - 0x00007ffb6dcf9000 	C:\WINDOWS\SYSTEM32\WSOCK32.dll
0x00007ffb7bca0000 - 0x00007ffb7bd0f000 	C:\WINDOWS\System32\WS2_32.dll
0x00007ffb78a00000 - 0x00007ffb78a33000 	C:\WINDOWS\SYSTEM32\WINMM.dll
0x00007ffb72e20000 - 0x00007ffb72e2a000 	C:\WINDOWS\SYSTEM32\VERSION.dll
0x00007ffb7a060000 - 0x00007ffb7a078000 	C:\WINDOWS\SYSTEM32\kernel.appcore.dll
0x00007ffb6dcb0000 - 0x00007ffb6dcba000 	C:\Users\ïƒó—\Desktop\sts-4.15.1.RELEASE\plugins\org.eclipse.justj.openjdk.hotspot.jre.full.win32.x86_64_17.0.3.v20220515-1416\jre\bin\jimage.dll
0x00007ffb78b70000 - 0x00007ffb78d91000 	C:\WINDOWS\SYSTEM32\DBGHELP.DLL
0x00007ffb64e40000 - 0x00007ffb64e71000 	C:\WINDOWS\SYSTEM32\dbgcore.DLL
0x00007ffb7b380000 - 0x00007ffb7b3ff000 	C:\WINDOWS\System32\bcryptPrimitives.dll
0x00007ffb689b0000 - 0x00007ffb689eb000 	C:\Users\ïƒó—\Desktop\sts-4.15.1.RELEASE\plugins\org.eclipse.justj.openjdk.hotspot.jre.full.win32.x86_64_17.0.3.v20220515-1416\jre\bin\jdwp.dll
0x00007ffb6d4f0000 - 0x00007ffb6d4fe000 	C:\Users\ïƒó—\Desktop\sts-4.15.1.RELEASE\plugins\org.eclipse.justj.openjdk.hotspot.jre.full.win32.x86_64_17.0.3.v20220515-1416\jre\bin\instrument.dll
0x00007ffb69650000 - 0x00007ffb69675000 	C:\Users\ïƒó—\Desktop\sts-4.15.1.RELEASE\plugins\org.eclipse.justj.openjdk.hotspot.jre.full.win32.x86_64_17.0.3.v20220515-1416\jre\bin\java.dll
0x00007ffb6afd0000 - 0x00007ffb6afe8000 	C:\Users\ïƒó—\Desktop\sts-4.15.1.RELEASE\plugins\org.eclipse.justj.openjdk.hotspot.jre.full.win32.x86_64_17.0.3.v20220515-1416\jre\bin\zip.dll
0x00007ffb7c720000 - 0x00007ffb7ced8000 	C:\WINDOWS\System32\SHELL32.dll
0x00007ffb790d0000 - 0x00007ffb79937000 	C:\WINDOWS\SYSTEM32\windows.storage.dll
0x0000020d46800000 - 0x0000020d46b79000 	C:\WINDOWS\System32\combase.dll
0x00007ffb78f60000 - 0x00007ffb790c6000 	C:\WINDOWS\SYSTEM32\wintypes.dll
0x00007ffb7bd50000 - 0x00007ffb7be3a000 	C:\WINDOWS\System32\SHCORE.dll
0x00007ffb7ae90000 - 0x00007ffb7aeb1000 	C:\WINDOWS\SYSTEM32\profapi.dll
0x00007ffb768f0000 - 0x00007ffb768fc000 	C:\Users\ïƒó—\Desktop\sts-4.15.1.RELEASE\plugins\org.eclipse.justj.openjdk.hotspot.jre.full.win32.x86_64_17.0.3.v20220515-1416\jre\bin\dt_socket.dll
0x00007ffb79b90000 - 0x00007ffb79bbd000 	C:\WINDOWS\SYSTEM32\IPHLPAPI.DLL
0x00007ffb7a490000 - 0x00007ffb7a4f7000 	C:\WINDOWS\system32\mswsock.dll
0x00007ffb79bc0000 - 0x00007ffb79ca8000 	C:\WINDOWS\SYSTEM32\DNSAPI.dll
0x00007ffb7c5c0000 - 0x00007ffb7c5c9000 	C:\WINDOWS\System32\NSI.dll
0x00007ffb6b0f0000 - 0x00007ffb6b0fa000 	C:\Windows\System32\rasadhlp.dll
0x00007ffb72720000 - 0x00007ffb727a1000 	C:\WINDOWS\System32\fwpuclnt.dll
0x00007ffb6a030000 - 0x00007ffb6a049000 	C:\Users\ïƒó—\Desktop\sts-4.15.1.RELEASE\plugins\org.eclipse.justj.openjdk.hotspot.jre.full.win32.x86_64_17.0.3.v20220515-1416\jre\bin\net.dll
0x00007ffb747f0000 - 0x00007ffb748fc000 	C:\WINDOWS\SYSTEM32\WINHTTP.dll
0x00007ffb69730000 - 0x00007ffb69745000 	C:\Users\ïƒó—\Desktop\sts-4.15.1.RELEASE\plugins\org.eclipse.justj.openjdk.hotspot.jre.full.win32.x86_64_17.0.3.v20220515-1416\jre\bin\nio.dll
0x00007ffb6b440000 - 0x00007ffb6b450000 	C:\Users\ïƒó—\Desktop\sts-4.15.1.RELEASE\plugins\org.eclipse.justj.openjdk.hotspot.jre.full.win32.x86_64_17.0.3.v20220515-1416\jre\bin\verify.dll

dbghelp: loaded successfully - version: 4.0.5 - missing functions: none
symbol engine: initialized successfully - sym options: 0x614 - pdb path: .;C:\Users\ïƒó—\Desktop\sts-4.15.1.RELEASE\plugins\org.eclipse.justj.openjdk.hotspot.jre.full.win32.x86_64_17.0.3.v20220515-1416\jre\bin;C:\WINDOWS\SYSTEM32;C:\WINDOWS\WinSxS\amd64_microsoft.windows.common-controls_6595b64144ccf1df_6.0.22000.120_none_9d947278b86cc467;C:\Windows\system32\tmumh\20019\AddOn\8.55.0.1053;C:\Windows\system32\tmumh\20019\TmMon\2.9.0.1036;C:\Users\ïƒó—\Desktop\sts-4.15.1.RELEASE\plugins\org.eclipse.justj.openjdk.hotspot.jre.full.win32.x86_64_17.0.3.v20220515-1416\jre\bin\se;C:\Users\ïƒó—\Desktop\sts-4.15.1.RELEASE\plugins\org.eclipse.justj.openjdk.hotspot.jre.full.win32.x86_64_17.0.3.v20220515-1416\jre\bin\;C:\Users\ïƒó—\Desktop\sts-4.15.1.RELEASE\plugins\org.eclipse.justj.openjdk.hotspot.jre.full.win32.x86_64_17.0.3.v20220515-1416\jre\bi;C:\Users\ïƒó—\Desktop\sts-4.15.1.RELEASE\plugins\org.eclipse.justj.openjdk.hotspot.jre.full.win32.x86_64_17.0.3.v20220515-1416\jre\;C:\Users\ïƒó—\Desktop\sts-4.15.1.RELEASE\plugins\org.eclipse.justj.openjdk.hotspot.jre.full.win32.x86_64_17.0.3.v20220515-1416\jr;C:\Users\ïƒó—\Desktop\sts-4.15.1.RELEASE\plugins\org.eclipse.justj.openjdk.hotspot.jre.full.win32.x86_64_17.0.3.v20220515-1416\;C:\Users\ïƒó—\Desktop\sts-4.15.1.RELEASE\plugins\org.eclipse.justj.openjdk.hotspot.jre.full.win32.x86_64_17.0.3.v20220515-141

VM Arguments:
jvm_args: -XX:+ShowCodeDetailsInExceptionMessages -agentlib:jdwp=transport=dt_socket,suspend=y,address=localhost:53224 -javaagent:C:\Users\ïƒó—\Desktop\sts-4.15.1.RELEASE\configuration\org.eclipse.osgi\258\0\.cp\lib\javaagent-shaded.jar -Dfile.encoding=sjis 
java_command: application.Application
java_class_path (initial): C:\Users\ïƒó—\Documents\sts çÏã∆ë‰\éÛå±ÉvÉçÉOÉâÉÄ â¸ë¢î≈ver1\bin
Launcher Type: SUN_STANDARD

[Global flags]
     intx CICompilerCount                          = 12                                        {product} {ergonomic}
     uint ConcGCThreads                            = 3                                         {product} {ergonomic}
     uint G1ConcRefinementThreads                  = 13                                        {product} {ergonomic}
   size_t G1HeapRegionSize                         = 2097152                                   {product} {ergonomic}
    uintx GCDrainStackTargetSize                   = 64                                        {product} {ergonomic}
   size_t InitialHeapSize                          = 260046848                                 {product} {ergonomic}
   size_t MarkStackSize                            = 4194304                                   {product} {ergonomic}
   size_t MaxHeapSize                              = 4141875200                                {product} {ergonomic}
   size_t MaxNewSize                               = 2485125120                                {product} {ergonomic}
   size_t MinHeapDeltaBytes                        = 2097152                                   {product} {ergonomic}
   size_t MinHeapSize                              = 8388608                                   {product} {ergonomic}
    uintx NonNMethodCodeHeapSize                   = 7602480                                {pd product} {ergonomic}
    uintx NonProfiledCodeHeapSize                  = 122027880                              {pd product} {ergonomic}
    uintx ProfiledCodeHeapSize                     = 122027880                              {pd product} {ergonomic}
    uintx ReservedCodeCacheSize                    = 251658240                              {pd product} {ergonomic}
     bool SegmentedCodeCache                       = true                                      {product} {ergonomic}
     bool ShowCodeDetailsInExceptionMessages       = true                                   {manageable} {command line}
   size_t SoftMaxHeapSize                          = 4141875200                             {manageable} {ergonomic}
     bool UseCompressedClassPointers               = true                           {product lp64_product} {ergonomic}
     bool UseCompressedOops                        = true                           {product lp64_product} {ergonomic}
     bool UseG1GC                                  = true                                      {product} {ergonomic}
     bool UseLargePagesIndividualAllocation        = false                                  {pd product} {ergonomic}

Logging:
Log output configuration:
 #0: stdout all=warning uptime,level,tags
 #1: stderr all=off uptime,level,tags

Environment Variables:
JAVA_HOME=C:\Program Files\Java\jdk1.8.0_281
PATH=C:\Users\ïƒó—\Desktop\sts-4.15.1.RELEASE\plugins\org.eclipse.justj.openjdk.hotspot.jre.full.win32.x86_64_17.0.3.v20220515-1416\jre\bin;C:/Users/ïƒó—/Desktop/sts-4.15.1.RELEASE//plugins/org.eclipse.justj.openjdk.hotspot.jre.full.win32.x86_64_17.0.3.v20220515-1416/jre/bin/server;C:/Users/ïƒó—/Desktop/sts-4.15.1.RELEASE//plugins/org.eclipse.justj.openjdk.hotspot.jre.full.win32.x86_64_17.0.3.v20220515-1416/jre/bin;C:\Program Files (x86)\Common Files\Oracle\Java\javapath;C:\Program Files\Java\jdk1.8.0_281\bin;C:\WINDOWS\system32;C:\WINDOWS;C:\WINDOWS\System32\Wbem;C:\WINDOWS\System32\WindowsPowerShell\v1.0\;C:\WINDOWS\System32\OpenSSH\;C:\Users\ïƒó—\AppData\Local\Microsoft\WindowsApps;C:\Program Files\Java\jdk1.8.0_281\bin;;C:\Users\ïƒó—\Desktop\sts-4.15.1.RELEASE;
USERNAME=ïƒó—
OS=Windows_NT
PROCESSOR_IDENTIFIER=AMD64 Family 23 Model 96 Stepping 1, AuthenticAMD



---------------  S Y S T E M  ---------------

OS:
 Windows 11 , 64 bit Build 22000 (10.0.22000.708)
OS uptime: 1 days 11:05 hours

CPU: total 16 (initial active 16) (16 cores per cpu, 2 threads per core) family 23 model 96 stepping 1 microcode 0x0, cx8, cmov, fxsr, ht, mmx, 3dnowpref, sse, sse2, sse3, ssse3, sse4a, sse4.1, sse4.2, popcnt, lzcnt, tsc, tscinvbit, avx, avx2, aes, clmul, bmi1, bmi2, adx, sha, fma, vzeroupper, clflush, clflushopt

Memory: 4k page, system-wide physical 15792M (8641M free)
TotalPageFile size 48606M (AvailPageFile size 8582M)
current process WorkingSet (physical memory assigned to process): 53M, peak: 59M
current process commit charge ("private bytes"): 352M, peak: 355M

vm_info: OpenJDK 64-Bit Server VM (17.0.3+7) for windows-amd64 JRE (17.0.3+7), built on Apr 19 2022 16:55:35 by "" with MS VC++ 16.7 (VS2019)

END.
